C:\xampp\htdocs\humaskjs\.htaccess
C:\xampp\htdocs\humaskjs\composer.json
C:\xampp\htdocs\humaskjs\controllers\AnnouncementController.php
C:\xampp\htdocs\humaskjs\controllers\ApiController.php
C:\xampp\htdocs\humaskjs\controllers\BreadcrumblinksaddspController.php
C:\xampp\htdocs\humaskjs\controllers\BreadcrumblinkscheckspController.php
C:\xampp\htdocs\humaskjs\controllers\BreadcrumblinksdeletespController.php
C:\xampp\htdocs\humaskjs\controllers\BreadcrumblinksmovespController.php
C:\xampp\htdocs\humaskjs\controllers\ControllerBase.php
C:\xampp\htdocs\humaskjs\controllers\EventController.php
C:\xampp\htdocs\humaskjs\controllers\HelpCategoriesController.php
C:\xampp\htdocs\humaskjs\controllers\HelpController.php
C:\xampp\htdocs\humaskjs\controllers\HomeController.php
C:\xampp\htdocs\humaskjs\controllers\InteraksiController.php
C:\xampp\htdocs\humaskjs\controllers\KerjasamaController.php
C:\xampp\htdocs\humaskjs\controllers\KontakMitraController.php
C:\xampp\htdocs\humaskjs\controllers\LanguagesController.php
C:\xampp\htdocs\humaskjs\controllers\LoadaboutusController.php
C:\xampp\htdocs\humaskjs\controllers\LoadhelponlineController.php
C:\xampp\htdocs\humaskjs\controllers\LoadtermsconditionsController.php
C:\xampp\htdocs\humaskjs\controllers\MitraController.php
C:\xampp\htdocs\humaskjs\controllers\OthersController.php
C:\xampp\htdocs\humaskjs\controllers\PrinttermsconditionsController.php
C:\xampp\htdocs\humaskjs\controllers\PublikasiController.php
C:\xampp\htdocs\humaskjs\controllers\SettingsController.php
C:\xampp\htdocs\humaskjs\controllers\TheuserprofileController.php
C:\xampp\htdocs\humaskjs\controllers\UserlevelpermissionsController.php
C:\xampp\htdocs\humaskjs\controllers\UserlevelsController.php
C:\xampp\htdocs\humaskjs\controllers\UsersController.php
C:\xampp\htdocs\humaskjs\css\ewpdf.scss
C:\xampp\htdocs\humaskjs\css\humaskerjasama.scss
C:\xampp\htdocs\humaskjs\css\jquery.overlayScrollbars.css
C:\xampp\htdocs\humaskjs\css\query-builder.scss
C:\xampp\htdocs\humaskjs\css\tabulator_bootstrap5.scss
C:\xampp\htdocs\humaskjs\css\tempus-dominus.scss
C:\xampp\htdocs\humaskjs\files\index.html
C:\xampp\htdocs\humaskjs\index.php
C:\xampp\htdocs\humaskjs\jquery\jquery.inputmask.js
C:\xampp\htdocs\humaskjs\jquery\jquery.inputmask.min.js
C:\xampp\htdocs\humaskjs\jquery\jquery.jtable.js
C:\xampp\htdocs\humaskjs\jquery\jquery.jtable.min.js
C:\xampp\htdocs\humaskjs\jquery\jquery.overlayScrollbars.js
C:\xampp\htdocs\humaskjs\jquery\jquery.overlayScrollbars.min.js
C:\xampp\htdocs\humaskjs\jquery\msjqueryinputmask.js
C:\xampp\htdocs\humaskjs\js\eweditor.js
C:\xampp\htdocs\humaskjs\js\ewfixedheadertable.js
C:\xampp\htdocs\humaskjs\js\masinoew.js
C:\xampp\htdocs\humaskjs\js\masinoewcore.js
C:\xampp\htdocs\humaskjs\js\userevent.js
C:\xampp\htdocs\humaskjs\js\userfn.js
C:\xampp\htdocs\humaskjs\js\userprivmod.js
C:\xampp\htdocs\humaskjs\js\userprivori.js
C:\xampp\htdocs\humaskjs\log\index.html
C:\xampp\htdocs\humaskjs\models\Announcement.php
C:\xampp\htdocs\humaskjs\models\AnnouncementAdd.php
C:\xampp\htdocs\humaskjs\models\AnnouncementDelete.php
C:\xampp\htdocs\humaskjs\models\AnnouncementEdit.php
C:\xampp\htdocs\humaskjs\models\AnnouncementList.php
C:\xampp\htdocs\humaskjs\models\AnnouncementView.php
C:\xampp\htdocs\humaskjs\models\Breadcrumblinksaddsp.php
C:\xampp\htdocs\humaskjs\models\Breadcrumblinkschecksp.php
C:\xampp\htdocs\humaskjs\models\Breadcrumblinksdeletesp.php
C:\xampp\htdocs\humaskjs\models\Breadcrumblinksmovesp.php
C:\xampp\htdocs\humaskjs\models\Captcha.php
C:\xampp\htdocs\humaskjs\models\ChangePassword.php
C:\xampp\htdocs\humaskjs\models\Event.php
C:\xampp\htdocs\humaskjs\models\EventAdd.php
C:\xampp\htdocs\humaskjs\models\EventDelete.php
C:\xampp\htdocs\humaskjs\models\EventEdit.php
C:\xampp\htdocs\humaskjs\models\EventList.php
C:\xampp\htdocs\humaskjs\models\EventView.php
C:\xampp\htdocs\humaskjs\models\Help.php
C:\xampp\htdocs\humaskjs\models\HelpAdd.php
C:\xampp\htdocs\humaskjs\models\HelpCategories.php
C:\xampp\htdocs\humaskjs\models\HelpCategoriesAdd.php
C:\xampp\htdocs\humaskjs\models\HelpCategoriesDelete.php
C:\xampp\htdocs\humaskjs\models\HelpCategoriesEdit.php
C:\xampp\htdocs\humaskjs\models\HelpCategoriesList.php
C:\xampp\htdocs\humaskjs\models\HelpCategoriesView.php
C:\xampp\htdocs\humaskjs\models\HelpDelete.php
C:\xampp\htdocs\humaskjs\models\HelpEdit.php
C:\xampp\htdocs\humaskjs\models\HelpGrid.php
C:\xampp\htdocs\humaskjs\models\HelpList.php
C:\xampp\htdocs\humaskjs\models\HelpPreview.php
C:\xampp\htdocs\humaskjs\models\HelpView.php
C:\xampp\htdocs\humaskjs\models\Home.php
C:\xampp\htdocs\humaskjs\models\Interaksi.php
C:\xampp\htdocs\humaskjs\models\InteraksiAdd.php
C:\xampp\htdocs\humaskjs\models\InteraksiDelete.php
C:\xampp\htdocs\humaskjs\models\InteraksiEdit.php
C:\xampp\htdocs\humaskjs\models\InteraksiList.php
C:\xampp\htdocs\humaskjs\models\InteraksiView.php
C:\xampp\htdocs\humaskjs\models\Kerjasama.php
C:\xampp\htdocs\humaskjs\models\KerjasamaAdd.php
C:\xampp\htdocs\humaskjs\models\KerjasamaDelete.php
C:\xampp\htdocs\humaskjs\models\KerjasamaEdit.php
C:\xampp\htdocs\humaskjs\models\KerjasamaList.php
C:\xampp\htdocs\humaskjs\models\KerjasamaView.php
C:\xampp\htdocs\humaskjs\models\KontakMitra.php
C:\xampp\htdocs\humaskjs\models\KontakMitraAdd.php
C:\xampp\htdocs\humaskjs\models\KontakMitraDelete.php
C:\xampp\htdocs\humaskjs\models\KontakMitraEdit.php
C:\xampp\htdocs\humaskjs\models\KontakMitraList.php
C:\xampp\htdocs\humaskjs\models\KontakMitraView.php
C:\xampp\htdocs\humaskjs\models\Languages.php
C:\xampp\htdocs\humaskjs\models\LanguagesAdd.php
C:\xampp\htdocs\humaskjs\models\LanguagesDelete.php
C:\xampp\htdocs\humaskjs\models\LanguagesEdit.php
C:\xampp\htdocs\humaskjs\models\LanguagesList.php
C:\xampp\htdocs\humaskjs\models\LanguagesView.php
C:\xampp\htdocs\humaskjs\models\Loadaboutus.php
C:\xampp\htdocs\humaskjs\models\Loadhelponline.php
C:\xampp\htdocs\humaskjs\models\Loadtermsconditions.php
C:\xampp\htdocs\humaskjs\models\Login.php
C:\xampp\htdocs\humaskjs\models\Mitra.php
C:\xampp\htdocs\humaskjs\models\MitraAdd.php
C:\xampp\htdocs\humaskjs\models\MitraDelete.php
C:\xampp\htdocs\humaskjs\models\MitraEdit.php
C:\xampp\htdocs\humaskjs\models\MitraList.php
C:\xampp\htdocs\humaskjs\models\MitraView.php
C:\xampp\htdocs\humaskjs\models\PersonalData.php
C:\xampp\htdocs\humaskjs\models\Printtermsconditions.php
C:\xampp\htdocs\humaskjs\models\Publikasi.php
C:\xampp\htdocs\humaskjs\models\PublikasiAdd.php
C:\xampp\htdocs\humaskjs\models\PublikasiDelete.php
C:\xampp\htdocs\humaskjs\models\PublikasiEdit.php
C:\xampp\htdocs\humaskjs\models\PublikasiList.php
C:\xampp\htdocs\humaskjs\models\PublikasiView.php
C:\xampp\htdocs\humaskjs\models\ResetPassword.php
C:\xampp\htdocs\humaskjs\models\Settings.php
C:\xampp\htdocs\humaskjs\models\SettingsAdd.php
C:\xampp\htdocs\humaskjs\models\SettingsDelete.php
C:\xampp\htdocs\humaskjs\models\SettingsEdit.php
C:\xampp\htdocs\humaskjs\models\SettingsList.php
C:\xampp\htdocs\humaskjs\models\SettingsView.php
C:\xampp\htdocs\humaskjs\models\Theuserprofile.php
C:\xampp\htdocs\humaskjs\models\TheuserprofileAdd.php
C:\xampp\htdocs\humaskjs\models\TheuserprofileDelete.php
C:\xampp\htdocs\humaskjs\models\TheuserprofileEdit.php
C:\xampp\htdocs\humaskjs\models\TheuserprofileList.php
C:\xampp\htdocs\humaskjs\models\TheuserprofileSearch.php
C:\xampp\htdocs\humaskjs\models\TheuserprofileView.php
C:\xampp\htdocs\humaskjs\models\Userlevelpermissions.php
C:\xampp\htdocs\humaskjs\models\UserlevelpermissionsAdd.php
C:\xampp\htdocs\humaskjs\models\UserlevelpermissionsDelete.php
C:\xampp\htdocs\humaskjs\models\UserlevelpermissionsEdit.php
C:\xampp\htdocs\humaskjs\models\UserlevelpermissionsList.php
C:\xampp\htdocs\humaskjs\models\UserlevelpermissionsView.php
C:\xampp\htdocs\humaskjs\models\Userlevels.php
C:\xampp\htdocs\humaskjs\models\UserlevelsAdd.php
C:\xampp\htdocs\humaskjs\models\UserlevelsDelete.php
C:\xampp\htdocs\humaskjs\models\UserlevelsEdit.php
C:\xampp\htdocs\humaskjs\models\UserlevelsList.php
C:\xampp\htdocs\humaskjs\models\UserlevelsView.php
C:\xampp\htdocs\humaskjs\models\Userpriv.php
C:\xampp\htdocs\humaskjs\models\Users.php
C:\xampp\htdocs\humaskjs\models\UsersAdd.php
C:\xampp\htdocs\humaskjs\models\UsersDelete.php
C:\xampp\htdocs\humaskjs\models\UsersEdit.php
C:\xampp\htdocs\humaskjs\models\UsersGrid.php
C:\xampp\htdocs\humaskjs\models\UsersList.php
C:\xampp\htdocs\humaskjs\models\UsersPreview.php
C:\xampp\htdocs\humaskjs\models\UsersSearch.php
C:\xampp\htdocs\humaskjs\models\UsersView.php
C:\xampp\htdocs\humaskjs\package.json
C:\xampp\htdocs\humaskjs\src\AbstractCheckCredentialsListener.php
C:\xampp\htdocs\humaskjs\src\AbstractController.php
C:\xampp\htdocs\humaskjs\src\AbstractEntity.php
C:\xampp\htdocs\humaskjs\src\AbstractExport.php
C:\xampp\htdocs\humaskjs\src\AbstractExportBase.php
C:\xampp\htdocs\humaskjs\src\AbstractTwoFactorAuthentication.php
C:\xampp\htdocs\humaskjs\src\AccessTokenExtractor.php
C:\xampp\htdocs\humaskjs\src\AccessTokenHandler.php
C:\xampp\htdocs\humaskjs\src\AccessTokenUser.php
C:\xampp\htdocs\humaskjs\src\AccessTokenUserProvider.php
C:\xampp\htdocs\humaskjs\src\ActionType.php
C:\xampp\htdocs\humaskjs\src\AdvancedFilter.php
C:\xampp\htdocs\humaskjs\src\AdvancedSearch.php
C:\xampp\htdocs\humaskjs\src\AdvancedSecurity.php
C:\xampp\htdocs\humaskjs\src\AdvancedUserInterface.php
C:\xampp\htdocs\humaskjs\src\Allow.php
C:\xampp\htdocs\humaskjs\src\ApiActionEvent.php
C:\xampp\htdocs\humaskjs\src\ApiPermissionMiddleware.php
C:\xampp\htdocs\humaskjs\src\AttributeRouteControllerLoader.php
C:\xampp\htdocs\humaskjs\src\Attributes.php
C:\xampp\htdocs\humaskjs\src\AuditTrailHandler.php
C:\xampp\htdocs\humaskjs\src\AuthenticationEntryPoint.php
C:\xampp\htdocs\humaskjs\src\AuthenticationEventSubscriber.php
C:\xampp\htdocs\humaskjs\src\AuthenticationFailureHandler.php
C:\xampp\htdocs\humaskjs\src\AuthenticationMiddleware.php
C:\xampp\htdocs\humaskjs\src\AuthenticationSuccessHandler.php
C:\xampp\htdocs\humaskjs\src\BasicSearch.php
C:\xampp\htdocs\humaskjs\src\Breadcrumb.php
C:\xampp\htdocs\humaskjs\src\BytesType.php
C:\xampp\htdocs\humaskjs\src\CaptchaBase.php
C:\xampp\htdocs\humaskjs\src\CaptchaInterface.php
C:\xampp\htdocs\humaskjs\src\ChartExporter.php
C:\xampp\htdocs\humaskjs\src\ChartJsRenderer.php
C:\xampp\htdocs\humaskjs\src\ChartRendererInterface.php
C:\xampp\htdocs\humaskjs\src\ChartTypes.php
C:\xampp\htdocs\humaskjs\src\Cognito.php
C:\xampp\htdocs\humaskjs\src\ConfigurationEvent.php
C:\xampp\htdocs\humaskjs\src\ConnectionFactory.php
C:\xampp\htdocs\humaskjs\src\ContainerBuildEvent.php
C:\xampp\htdocs\humaskjs\src\ContainerBuiltEvent.php
C:\xampp\htdocs\humaskjs\src\CrosstabColumn.php
C:\xampp\htdocs\humaskjs\src\CrosstabTable.php
C:\xampp\htdocs\humaskjs\src\CspMiddleware.php
C:\xampp\htdocs\humaskjs\src\CsrfMiddleware.php
C:\xampp\htdocs\humaskjs\src\CustomLdapUserProvider.php
C:\xampp\htdocs\humaskjs\src\CustomUploadHandler.php
C:\xampp\htdocs\humaskjs\src\DataType.php
C:\xampp\htdocs\humaskjs\src\DatabaseConnectedEvent.php
C:\xampp\htdocs\humaskjs\src\DatabaseConnectingEvent.php
C:\xampp\htdocs\humaskjs\src\DbChart.php
C:\xampp\htdocs\humaskjs\src\DbField.php
C:\xampp\htdocs\humaskjs\src\DbFields.php
C:\xampp\htdocs\humaskjs\src\DbTable.php
C:\xampp\htdocs\humaskjs\src\DbTableBase.php
C:\xampp\htdocs\humaskjs\src\DebugStack.php
C:\xampp\htdocs\humaskjs\src\DoctrineCollector.php
C:\xampp\htdocs\humaskjs\src\Email.php
C:\xampp\htdocs\humaskjs\src\EmailTwoFactorAuthentication.php
C:\xampp\htdocs\humaskjs\src\EntityDescriptor.php
C:\xampp\htdocs\humaskjs\src\EntityManagerFactory.php
C:\xampp\htdocs\humaskjs\src\EntityUserProvider.php
C:\xampp\htdocs\humaskjs\src\Entity\Announcement.php
C:\xampp\htdocs\humaskjs\src\Entity\Event.php
C:\xampp\htdocs\humaskjs\src\Entity\Help.php
C:\xampp\htdocs\humaskjs\src\Entity\HelpCategory.php
C:\xampp\htdocs\humaskjs\src\Entity\Interaksi.php
C:\xampp\htdocs\humaskjs\src\Entity\Kerjasama.php
C:\xampp\htdocs\humaskjs\src\Entity\KontakMitra.php
C:\xampp\htdocs\humaskjs\src\Entity\Language.php
C:\xampp\htdocs\humaskjs\src\Entity\Mitra.php
C:\xampp\htdocs\humaskjs\src\Entity\Publikasi.php
C:\xampp\htdocs\humaskjs\src\Entity\Setting.php
C:\xampp\htdocs\humaskjs\src\Entity\Theuserprofile.php
C:\xampp\htdocs\humaskjs\src\Entity\User.php
C:\xampp\htdocs\humaskjs\src\Entity\Userlevel.php
C:\xampp\htdocs\humaskjs\src\Entity\Userlevelpermission.php
C:\xampp\htdocs\humaskjs\src\ExportCsv.php
C:\xampp\htdocs\humaskjs\src\ExportEmail.php
C:\xampp\htdocs\humaskjs\src\ExportExcel.php
C:\xampp\htdocs\humaskjs\src\ExportHandler.php
C:\xampp\htdocs\humaskjs\src\ExportHtml.php
C:\xampp\htdocs\humaskjs\src\ExportJson.php
C:\xampp\htdocs\humaskjs\src\ExportPdf.php
C:\xampp\htdocs\humaskjs\src\ExportPdfMasino.php
C:\xampp\htdocs\humaskjs\src\ExportPrint.php
C:\xampp\htdocs\humaskjs\src\ExportWord.php
C:\xampp\htdocs\humaskjs\src\ExportXml.php
C:\xampp\htdocs\humaskjs\src\FileUploadHandler.php
C:\xampp\htdocs\humaskjs\src\FileViewer.php
C:\xampp\htdocs\humaskjs\src\FirewallRequestMatcher.php
C:\xampp\htdocs\humaskjs\src\ForceLogoutUserAction.php
C:\xampp\htdocs\humaskjs\src\FormLogin1faAuthenticator.php
C:\xampp\htdocs\humaskjs\src\FormLogin2faAuthenticator.php
C:\xampp\htdocs\humaskjs\src\FormTrait.php
C:\xampp\htdocs\humaskjs\src\GeographyType.php
C:\xampp\htdocs\humaskjs\src\GeometryType.php
C:\xampp\htdocs\humaskjs\src\HierarchyIdType.php
C:\xampp\htdocs\humaskjs\src\HttpErrorHandler.php
C:\xampp\htdocs\humaskjs\src\HttpFoundationFactory.php
C:\xampp\htdocs\humaskjs\src\HttpKernel.php
C:\xampp\htdocs\humaskjs\src\HttpServiceUnavailableException.php
C:\xampp\htdocs\humaskjs\src\HttpUpload.php
C:\xampp\htdocs\humaskjs\src\HybridauthSessionStorage.php
C:\xampp\htdocs\humaskjs\src\JavascriptRenderer.php
C:\xampp\htdocs\humaskjs\src\JwtMiddleware.php
C:\xampp\htdocs\humaskjs\src\Language.php
C:\xampp\htdocs\humaskjs\src\LanguageLoadEvent.php
C:\xampp\htdocs\humaskjs\src\LegacyPasswordHasher.php
C:\xampp\htdocs\humaskjs\src\ListAction.php
C:\xampp\htdocs\humaskjs\src\ListActions.php
C:\xampp\htdocs\humaskjs\src\ListOption.php
C:\xampp\htdocs\humaskjs\src\ListOptions.php
C:\xampp\htdocs\humaskjs\src\ListOptionsCollection.php
C:\xampp\htdocs\humaskjs\src\LoginRateLimiter.php
C:\xampp\htdocs\humaskjs\src\LoginStatusEvent.php
C:\xampp\htdocs\humaskjs\src\LogoutSubscriber.php
C:\xampp\htdocs\humaskjs\src\Lookup.php
C:\xampp\htdocs\humaskjs\src\LookupTableInterface.php
C:\xampp\htdocs\humaskjs\src\MaintenanceMiddleware.php
C:\xampp\htdocs\humaskjs\src\Menu.php
C:\xampp\htdocs\humaskjs\src\MenuItem.php
C:\xampp\htdocs\humaskjs\src\MenuItemAddingEvent.php
C:\xampp\htdocs\humaskjs\src\MenuRenderedEvent.php
C:\xampp\htdocs\humaskjs\src\MenuRenderingEvent.php
C:\xampp\htdocs\humaskjs\src\MessagesTrait.php
C:\xampp\htdocs\humaskjs\src\MicrosoftEntraID.php
C:\xampp\htdocs\humaskjs\src\NumericPager.php
C:\xampp\htdocs\humaskjs\src\OptionValues.php
C:\xampp\htdocs\humaskjs\src\PageLoadingEvent.php
C:\xampp\htdocs\humaskjs\src\PageRenderingEvent.php
C:\xampp\htdocs\humaskjs\src\PageUnloadedEvent.php
C:\xampp\htdocs\humaskjs\src\Pager.php
C:\xampp\htdocs\humaskjs\src\PagerItem.php
C:\xampp\htdocs\humaskjs\src\PasswordHash.php
C:\xampp\htdocs\humaskjs\src\PermissionMiddleware.php
C:\xampp\htdocs\humaskjs\src\PhpCaptcha.php
C:\xampp\htdocs\humaskjs\src\PhpDebugBar.php
C:\xampp\htdocs\humaskjs\src\PhpDebugBarMiddleware.php
C:\xampp\htdocs\humaskjs\src\PhpEncryption.php
C:\xampp\htdocs\humaskjs\src\PhpHttpDriver.php
C:\xampp\htdocs\humaskjs\src\PhpMailerTransport.php
C:\xampp\htdocs\humaskjs\src\PhpMailerTransportFactory.php
C:\xampp\htdocs\humaskjs\src\PragmaRxTwoFactorAuthentication.php
C:\xampp\htdocs\humaskjs\src\PrevNextPager.php
C:\xampp\htdocs\humaskjs\src\ProfileStorage.php
C:\xampp\htdocs\humaskjs\src\PushNotification.php
C:\xampp\htdocs\humaskjs\src\RememberMeTokenProvider.php
C:\xampp\htdocs\humaskjs\src\ReportField.php
C:\xampp\htdocs\humaskjs\src\ReportTable.php
C:\xampp\htdocs\humaskjs\src\RequestDataCollector.php
C:\xampp\htdocs\humaskjs\src\RequestResponseStrategy.php
C:\xampp\htdocs\humaskjs\src\ResendRegisterEmailAction.php
C:\xampp\htdocs\humaskjs\src\ResetConcurrentUserAction.php
C:\xampp\htdocs\humaskjs\src\ResetLoginRetryAction.php
C:\xampp\htdocs\humaskjs\src\ResetUserSecretAction.php
C:\xampp\htdocs\humaskjs\src\RouteActionEvent.php
C:\xampp\htdocs\humaskjs\src\RouteAttributes.php
C:\xampp\htdocs\humaskjs\src\RowSummary.php
C:\xampp\htdocs\humaskjs\src\RowTotal.php
C:\xampp\htdocs\humaskjs\src\RowType.php
C:\xampp\htdocs\humaskjs\src\Saml2.php
C:\xampp\htdocs\humaskjs\src\SecurityContainerCompiledEvent.php
C:\xampp\htdocs\humaskjs\src\SecurityContainerCompilingEvent.php
C:\xampp\htdocs\humaskjs\src\SecurityContainerFactory.php
C:\xampp\htdocs\humaskjs\src\SecurityServiceLocator.php
C:\xampp\htdocs\humaskjs\src\SendLoginLinkAction.php
C:\xampp\htdocs\humaskjs\src\SendOneTimePasswordInterface.php
C:\xampp\htdocs\humaskjs\src\ServicesConfigurationEvent.php
C:\xampp\htdocs\humaskjs\src\SessionHandler.php
C:\xampp\htdocs\humaskjs\src\SessionMiddleware.php
C:\xampp\htdocs\humaskjs\src\SetPasswordExpiredAction.php
C:\xampp\htdocs\humaskjs\src\SmsTwoFactorAuthentication.php
C:\xampp\htdocs\humaskjs\src\SsoStateSessionStore.php
C:\xampp\htdocs\humaskjs\src\SubPage.php
C:\xampp\htdocs\humaskjs\src\SubPages.php
C:\xampp\htdocs\humaskjs\src\SummaryField.php
C:\xampp\htdocs\humaskjs\src\SwitchUserAction.php
C:\xampp\htdocs\humaskjs\src\SwitchUserVoter.php
C:\xampp\htdocs\humaskjs\src\SymfonyMailCollector.php
C:\xampp\htdocs\humaskjs\src\TwoFactorAuthenticatedToken.php
C:\xampp\htdocs\humaskjs\src\TwoFactorAuthenticatingToken.php
C:\xampp\htdocs\humaskjs\src\TwoFactorAuthenticationInterface.php
C:\xampp\htdocs\humaskjs\src\UploadHandler.php
C:\xampp\htdocs\humaskjs\src\UrlGenerator.php
C:\xampp\htdocs\humaskjs\src\UserActivatedException.php
C:\xampp\htdocs\humaskjs\src\UserChecker.php
C:\xampp\htdocs\humaskjs\src\UserProfile.php
C:\xampp\htdocs\humaskjs\src\UserRepository.php
C:\xampp\htdocs\humaskjs\src\WindowsUser.php
C:\xampp\htdocs\humaskjs\src\WindowsUserProvider.php
C:\xampp\htdocs\humaskjs\src\XmlDocument.php
C:\xampp\htdocs\humaskjs\src\apiroutes.php
C:\xampp\htdocs\humaskjs\src\config.development.php
C:\xampp\htdocs\humaskjs\src\config.php
C:\xampp\htdocs\humaskjs\src\config.production.php
C:\xampp\htdocs\humaskjs\src\config.security.php
C:\xampp\htdocs\humaskjs\src\constants.php
C:\xampp\htdocs\humaskjs\src\definitions.php
C:\xampp\htdocs\humaskjs\src\lock.php
C:\xampp\htdocs\humaskjs\src\phpfn.php
C:\xampp\htdocs\humaskjs\src\routes.php
C:\xampp\htdocs\humaskjs\src\security.php
C:\xampp\htdocs\humaskjs\src\services.php
C:\xampp\htdocs\humaskjs\src\userfn.php
C:\xampp\htdocs\humaskjs\src\userlevelsettings.php
C:\xampp\htdocs\humaskjs\views\AnnouncementAdd.php
C:\xampp\htdocs\humaskjs\views\AnnouncementDelete.php
C:\xampp\htdocs\humaskjs\views\AnnouncementEdit.php
C:\xampp\htdocs\humaskjs\views\AnnouncementList.php
C:\xampp\htdocs\humaskjs\views\AnnouncementView.php
C:\xampp\htdocs\humaskjs\views\Breadcrumblinksaddsp.php
C:\xampp\htdocs\humaskjs\views\Breadcrumblinkschecksp.php
C:\xampp\htdocs\humaskjs\views\Breadcrumblinksdeletesp.php
C:\xampp\htdocs\humaskjs\views\Breadcrumblinksmovesp.php
C:\xampp\htdocs\humaskjs\views\ChangePassword.php
C:\xampp\htdocs\humaskjs\views\Error.php
C:\xampp\htdocs\humaskjs\views\EventAdd.php
C:\xampp\htdocs\humaskjs\views\EventDelete.php
C:\xampp\htdocs\humaskjs\views\EventEdit.php
C:\xampp\htdocs\humaskjs\views\EventList.php
C:\xampp\htdocs\humaskjs\views\EventView.php
C:\xampp\htdocs\humaskjs\views\HelpAdd.php
C:\xampp\htdocs\humaskjs\views\HelpCategoriesAdd.php
C:\xampp\htdocs\humaskjs\views\HelpCategoriesDelete.php
C:\xampp\htdocs\humaskjs\views\HelpCategoriesEdit.php
C:\xampp\htdocs\humaskjs\views\HelpCategoriesList.php
C:\xampp\htdocs\humaskjs\views\HelpCategoriesMaster.php
C:\xampp\htdocs\humaskjs\views\HelpCategoriesView.php
C:\xampp\htdocs\humaskjs\views\HelpDelete.php
C:\xampp\htdocs\humaskjs\views\HelpEdit.php
C:\xampp\htdocs\humaskjs\views\HelpGrid.php
C:\xampp\htdocs\humaskjs\views\HelpList.php
C:\xampp\htdocs\humaskjs\views\HelpPreview.php
C:\xampp\htdocs\humaskjs\views\HelpView.php
C:\xampp\htdocs\humaskjs\views\Home.php
C:\xampp\htdocs\humaskjs\views\InteraksiAdd.php
C:\xampp\htdocs\humaskjs\views\InteraksiDelete.php
C:\xampp\htdocs\humaskjs\views\InteraksiEdit.php
C:\xampp\htdocs\humaskjs\views\InteraksiList.php
C:\xampp\htdocs\humaskjs\views\InteraksiView.php
C:\xampp\htdocs\humaskjs\views\KerjasamaAdd.php
C:\xampp\htdocs\humaskjs\views\KerjasamaDelete.php
C:\xampp\htdocs\humaskjs\views\KerjasamaEdit.php
C:\xampp\htdocs\humaskjs\views\KerjasamaList.php
C:\xampp\htdocs\humaskjs\views\KerjasamaView.php
C:\xampp\htdocs\humaskjs\views\KontakMitraAdd.php
C:\xampp\htdocs\humaskjs\views\KontakMitraDelete.php
C:\xampp\htdocs\humaskjs\views\KontakMitraEdit.php
C:\xampp\htdocs\humaskjs\views\KontakMitraList.php
C:\xampp\htdocs\humaskjs\views\KontakMitraView.php
C:\xampp\htdocs\humaskjs\views\LanguagesAdd.php
C:\xampp\htdocs\humaskjs\views\LanguagesDelete.php
C:\xampp\htdocs\humaskjs\views\LanguagesEdit.php
C:\xampp\htdocs\humaskjs\views\LanguagesList.php
C:\xampp\htdocs\humaskjs\views\LanguagesView.php
C:\xampp\htdocs\humaskjs\views\Loadaboutus.php
C:\xampp\htdocs\humaskjs\views\Loadhelponline.php
C:\xampp\htdocs\humaskjs\views\Loadtermsconditions.php
C:\xampp\htdocs\humaskjs\views\Login.php
C:\xampp\htdocs\humaskjs\views\MitraAdd.php
C:\xampp\htdocs\humaskjs\views\MitraDelete.php
C:\xampp\htdocs\humaskjs\views\MitraEdit.php
C:\xampp\htdocs\humaskjs\views\MitraList.php
C:\xampp\htdocs\humaskjs\views\MitraView.php
C:\xampp\htdocs\humaskjs\views\PersonalData.php
C:\xampp\htdocs\humaskjs\views\Printtermsconditions.php
C:\xampp\htdocs\humaskjs\views\PublikasiAdd.php
C:\xampp\htdocs\humaskjs\views\PublikasiDelete.php
C:\xampp\htdocs\humaskjs\views\PublikasiEdit.php
C:\xampp\htdocs\humaskjs\views\PublikasiList.php
C:\xampp\htdocs\humaskjs\views\PublikasiView.php
C:\xampp\htdocs\humaskjs\views\ResetPassword.php
C:\xampp\htdocs\humaskjs\views\SettingsAdd.php
C:\xampp\htdocs\humaskjs\views\SettingsDelete.php
C:\xampp\htdocs\humaskjs\views\SettingsEdit.php
C:\xampp\htdocs\humaskjs\views\SettingsList.php
C:\xampp\htdocs\humaskjs\views\SettingsView.php
C:\xampp\htdocs\humaskjs\views\TheuserprofileAdd.php
C:\xampp\htdocs\humaskjs\views\TheuserprofileDelete.php
C:\xampp\htdocs\humaskjs\views\TheuserprofileEdit.php
C:\xampp\htdocs\humaskjs\views\TheuserprofileList.php
C:\xampp\htdocs\humaskjs\views\TheuserprofileSearch.php
C:\xampp\htdocs\humaskjs\views\TheuserprofileView.php
C:\xampp\htdocs\humaskjs\views\UserlevelpermissionsAdd.php
C:\xampp\htdocs\humaskjs\views\UserlevelpermissionsDelete.php
C:\xampp\htdocs\humaskjs\views\UserlevelpermissionsEdit.php
C:\xampp\htdocs\humaskjs\views\UserlevelpermissionsList.php
C:\xampp\htdocs\humaskjs\views\UserlevelpermissionsView.php
C:\xampp\htdocs\humaskjs\views\UserlevelsAdd.php
C:\xampp\htdocs\humaskjs\views\UserlevelsDelete.php
C:\xampp\htdocs\humaskjs\views\UserlevelsEdit.php
C:\xampp\htdocs\humaskjs\views\UserlevelsList.php
C:\xampp\htdocs\humaskjs\views\UserlevelsMaster.php
C:\xampp\htdocs\humaskjs\views\UserlevelsView.php
C:\xampp\htdocs\humaskjs\views\Userpriv.php
C:\xampp\htdocs\humaskjs\views\UsersAdd.php
C:\xampp\htdocs\humaskjs\views\UsersDelete.php
C:\xampp\htdocs\humaskjs\views\UsersEdit.php
C:\xampp\htdocs\humaskjs\views\UsersGrid.php
C:\xampp\htdocs\humaskjs\views\UsersList.php
C:\xampp\htdocs\humaskjs\views\UsersPreview.php
C:\xampp\htdocs\humaskjs\views\UsersSearch.php
C:\xampp\htdocs\humaskjs\views\UsersView.php
C:\xampp\htdocs\humaskjs\views\email.php
C:\xampp\htdocs\humaskjs\views\layout.php
C:\xampp\htdocs\humaskjs\views\menu.php
C:\xampp\htdocs\humaskjs\views\swagger.php
C:\xampp\htdocs\humaskjs\web.config